[2025-12-12 18:55:59] Removed TEMP: 2
[2025-12-12 18:55:59] Removed Windows Temp: 0
[2025-12-12 18:55:59] Removed Chrome Cache: 1
[2025-12-12 18:57:04] Removed TEMP: 2
[2025-12-12 18:57:04] Removed Windows Temp: 0
[2025-12-12 18:57:04] Removed Chrome Cache: 1
[2025-12-12 19:08:58] Removed TEMP: 3
[2025-12-12 19:08:58] Removed Windows Temp: 0
[2025-12-12 19:08:58] Removed Chrome Cache: 1
[2025-12-12 19:09:34] Removed TEMP: 2
[2025-12-12 19:09:34] Removed Windows Temp: 0
[2025-12-12 19:09:34] Removed Chrome Cache: 1
[2025-12-12 19:13:05] Removed TEMP: 2
[2025-12-12 19:13:05] Removed Windows Temp: 0
[2025-12-12 19:13:05] Removed Chrome Cache: 1
[2025-12-13 14:57:14] Removed TEMP: 18
[2025-12-13 14:57:14] Removed Windows Temp: 0
[2025-12-13 14:57:14] Removed Chrome Cache: 1
[2025-12-13 23:56:12] Removed TEMP: 9
[2025-12-13 23:56:12] Removed Windows Temp: 0
[2025-12-13 23:56:12] Removed Chrome Cache: 1
[2025-12-15 03:42:20] Removed TEMP: 45
[2025-12-15 03:42:20] Removed Windows Temp: 0
[2025-12-15 03:42:20] Removed Chrome Cache: 2
[2025-12-15 03:43:59] Removed TEMP: 3
[2025-12-15 03:43:59] Removed Windows Temp: 0
[2025-12-15 03:43:59] Removed Chrome Cache: 1
[2025-12-15 03:45:02] Removed TEMP: 2
[2025-12-15 03:45:02] Removed Windows Temp: 0
[2025-12-15 03:45:02] Removed Chrome Cache: 1
[2025-12-16 23:35:08] Removed TEMP: 48
[2025-12-16 23:35:08] Removed Windows Temp: 0
[2025-12-16 23:35:08] Removed Chrome Cache: 1
[2025-12-16 23:35:09] Removed TEMP: 3
[2025-12-16 23:35:09] Removed Windows Temp: 0
[2025-12-16 23:35:09] Removed Chrome Cache: 1
[2025-12-16 23:37:00] Removed TEMP: 2
[2025-12-16 23:37:00] Removed Windows Temp: 0
[2025-12-16 23:37:00] Removed Chrome Cache: 1
[2025-12-16 23:37:00] Removed TEMP: 2
[2025-12-16 23:37:00] Removed Windows Temp: 0
[2025-12-16 23:37:00] Removed Chrome Cache: 1
[2025-12-16 23:42:09] Removed TEMP: 2
[2025-12-16 23:42:09] Removed Windows Temp: 0
[2025-12-16 23:42:09] Removed Chrome Cache: 1
[2025-12-19 05:33:26] Removed TEMP: 29
[2025-12-19 05:33:26] Removed Windows Temp: 0
[2025-12-19 05:33:26] Removed Chrome Cache: 2
[2025-12-19 05:35:48] Removed TEMP: 5
[2025-12-19 05:35:48] Removed Windows Temp: 0
[2025-12-19 05:35:48] Removed Chrome Cache: 1
[2025-12-20 23:15:29] Removed TEMP: 26
[2025-12-20 23:15:29] Removed Windows Temp: 0
[2025-12-20 23:15:29] Removed Chrome Cache: 1
[2025-12-20 23:18:07] Removed TEMP: 4
[2025-12-20 23:18:07] Removed Windows Temp: 0
[2025-12-20 23:18:07] Removed Chrome Cache: 1
[2025-12-20 23:26:00] Removed TEMP: 3
[2025-12-20 23:26:00] Removed Windows Temp: 0
[2025-12-20 23:26:00] Removed Chrome Cache: 1
[2025-12-21 23:45:10] [DRY-RUN] Removed TEMP: 107
[2025-12-21 23:45:10] [DRY-RUN] Removed Windows Temp: 0
[2025-12-21 23:45:10] [DRY-RUN] Removed Chrome Cache: 2
[2025-12-21 23:45:21] [DRY-RUN] Removed TEMP: 107
[2025-12-21 23:45:21] [DRY-RUN] Removed Windows Temp: 0
[2025-12-21 23:45:21] [DRY-RUN] Removed Chrome Cache: 2
