[2025-12-12 18:50:44] Killed processes: ['WhatsApp.exe']
[2025-12-12 18:55:59] Killed processes: []
[2025-12-12 18:57:04] Killed processes: []
[2025-12-12 19:08:58] Killed processes: ['WhatsApp.exe']
[2025-12-12 19:09:34] Killed processes: ['WhatsApp.exe']
[2025-12-12 19:13:05] Killed processes: []
[2025-12-13 14:57:14] Killed processes: ['EpicWebHelper.exe', 'EpicWebHelper.exe', 'EpicWebHelper.exe', 'WhatsApp.exe', 'EpicWebHelper.exe']
[2025-12-13 23:56:12] Killed processes: ['EpicWebHelper.exe', 'WhatsApp.exe', 'EpicWebHelper.exe', 'EpicWebHelper.exe', 'EpicWebHelper.exe']
[2025-12-15 03:42:20] Killed processes: ['WhatsApp.exe', 'Telegram.exe']
[2025-12-15 03:43:59] Killed processes: []
[2025-12-15 03:45:02] Killed processes: []
[2025-12-16 23:35:08] Killed processes: ['WhatsApp.exe', 'Telegram.exe']
[2025-12-16 23:35:08] Freed RAM: 0.0 MB
[2025-12-16 23:35:09] Killed processes: []
[2025-12-16 23:35:09] Freed RAM: 0.0 MB
[2025-12-16 23:37:00] Killed processes: ['WhatsApp.exe']
[2025-12-16 23:37:00] Freed RAM: 0.0 MB
[2025-12-16 23:37:00] Killed processes: []
[2025-12-16 23:37:00] Freed RAM: 0.0 MB
[2025-12-16 23:42:09] Killed processes: []
[2025-12-16 23:42:09] Freed RAM: 0.0 MB
